\BOOKMARK [0][-]{chapter*.1}{\376\377\000[\000]\000D\000e\000d\000i\000c\000a\000t\000o\000r\000i\000a}{}% 1
\BOOKMARK [0][-]{chapter*.2}{\376\377\000[\000]\000A\000g\000r\000a\000d\000e\000c\000i\000m\000i\000e\000n\000t\000o\000s}{}% 2
\BOOKMARK [0][-]{chapter*.3}{\376\377\000[\000]\000R\000e\000s\000u\000m\000e\000n}{}% 3
\BOOKMARK [0][-]{chapter*.4}{\376\377\000[\000]\000\315\000n\000d\000i\000c\000e\000\040\000g\000e\000n\000e\000r\000a\000l}{}% 4
\BOOKMARK [0][-]{chapter*.5}{\376\377\000[\000]\000\315\000n\000d\000i\000c\000e\000\040\000d\000e\000\040\000f\000i\000g\000u\000r\000a\000s}{}% 5
\BOOKMARK [0][-]{chapter*.6}{\376\377\000[\000]\000\315\000n\000d\000i\000c\000e\000\040\000d\000e\000\040\000t\000a\000b\000l\000a\000s}{}% 6
\BOOKMARK [0][-]{chapter*.8}{\376\377\000[\000]\000L\000I\000S\000T\000A\000\040\000D\000E\000\040\000A\000C\000R\000\323\000N\000I\000M\000O\000S}{}% 7
\BOOKMARK [0][-]{chapter*.9}{\376\377\000[\000]\000N\000o\000t\000a\000c\000i\000\363\000n\000\040\000m\000a\000t\000e\000m\000\341\000t\000i\000c\000a}{}% 8
\BOOKMARK [0][-]{chapter*.10}{\376\377\000[\000]\000I\000n\000t\000r\000o\000d\000u\000c\000c\000i\000\363\000n}{}% 9
\BOOKMARK [0][-]{chaptert.1}{\376\377\000[\000]\000C\000a\000p\000\355\000t\000u\000l\000o\000\040\000I\000:\000\040\000[\000]\000H\000i\000p\000\363\000t\000e\000s\000i\000s\000\040\000d\000e\000\040\000C\000\351\000s\000p\000e\000d\000e\000s\000-\000C\000u\000r\000\351}{}% 10
\BOOKMARK [1][-]{section.1.1}{\376\377\000I\000n\000t\000r\000o\000d\000u\000c\000c\000i\000\363\000n}{chaptert.1}% 11
\BOOKMARK [1][-]{section.1.2}{\376\377\000D\000e\000n\000s\000i\000d\000a\000d\000\040\000d\000e\000\040\000E\000n\000e\000r\000g\000\355\000a}{chaptert.1}% 12
\BOOKMARK [1][-]{section.1.3}{\376\377\000P\000r\000o\000p\000a\000g\000a\000c\000i\000\363\000n\000\040\000d\000e\000\040\000l\000a\000\040\000d\000e\000n\000s\000i\000d\000a\000d\000\040\000d\000e\000\040\000e\000n\000e\000r\000g\000\355\000a}{chaptert.1}% 13
\BOOKMARK [1][-]{section.1.4}{\376\377\000A\000n\000t\000e\000c\000e\000d\000e\000n\000t\000e\000s\000\040\000y\000\040\000j\000u\000s\000t\000i\000f\000i\000c\000a\000c\000i\000\363\000n}{chaptert.1}% 14
\BOOKMARK [2][-]{subsection.1.4.1}{\376\377\000P\000i\000o\000n\000e\000e\000r\000\040\000A\000n\000o\000m\000a\000l\000y}{section.1.4}% 15
\BOOKMARK [2][-]{subsection.1.4.2}{\376\377\000F\000l\000y\000b\000y\000\040\000A\000n\000o\000m\000a\000l\000y}{section.1.4}% 16
\BOOKMARK [2][-]{subsection.1.4.3}{\376\377\000A\000n\000\341\000l\000i\000s\000i\000s\000\040\000d\000e\000\040\000m\000e\000d\000i\000d\000a\000s\000\040\000p\000r\000e\000v\000i\000a\000s\000\040\000d\000e\000\040\000l\000a\000\040\000v\000e\000l\000o\000c\000i\000d\000a\000d\000\040\000d\000e\000\040\000l\000a\000\040\000l\000u\000z\000\040\000y\000\040\000a\000p\000l\000i\000c\000a\000c\000i\000\363\000n\000\040\000d\000e\000\040\000H\000C\000C\000\040\000s\000o\000b\000r\000e\000\040\000c\000u\000a\000l\000q\000u\000i\000e\000r\000\040\000p\000u\000n\000t\000o\000\040\000e\000n\000\040\000l\000a\000\040\000t\000i\000e\000r\000r\000a}{section.1.4}% 17
\BOOKMARK [1][-]{section.1.5}{\376\377\000R\000e\000s\000u\000l\000t\000a\000d\000o\000s\000\040\000e\000s\000p\000e\000r\000a\000d\000o\000s}{chaptert.1}% 18
\BOOKMARK [1][-]{section.1.6}{\376\377\000I\000m\000p\000l\000i\000c\000a\000c\000i\000o\000n\000e\000s\000\040\000d\000e\000\040\000l\000a\000\040\000H\000C\000C}{chaptert.1}% 19
\BOOKMARK [0][-]{chaptert.2}{\376\377\000[\000]\000C\000a\000p\000\355\000t\000u\000l\000o\000\040\000I\000I\000:\000\040\000[\000]\000E\000x\000p\000e\000r\000i\000m\000e\000n\000t\000o\000\040\000I\000:\000\040\000M\000e\000d\000i\000c\000i\000\363\000n\000\040\000d\000i\000r\000e\000c\000t\000a\000\040\000d\000e\000\040\000l\000a\000\040\000v\000e\000l\000o\000c\000i\000d\000a\000d\000\040\000d\000e\000\040\000l\000a\000\040\000l\000u\000z}{}% 20
\BOOKMARK [1][-]{section.2.1}{\376\377\000I\000n\000t\000r\000o\000d\000u\000c\000c\000i\000\363\000n}{chaptert.2}% 21
\BOOKMARK [1][-]{section.2.2}{\376\377\000M\000\351\000t\000o\000d\000o\000\040\000e\000x\000p\000e\000r\000i\000m\000e\000n\000t\000a\000l}{chaptert.2}% 22
\BOOKMARK [2][-]{subsection.2.2.1}{\376\377\000M\000a\000t\000e\000r\000i\000a\000l\000e\000s}{section.2.2}% 23
\BOOKMARK [2][-]{subsection.2.2.2}{\376\377\000P\000r\000o\000c\000e\000d\000i\000m\000i\000e\000n\000t\000o\000\040\000e\000x\000p\000e\000r\000i\000m\000e\000n\000t\000a\000l}{section.2.2}% 24
\BOOKMARK [1][-]{section.2.3}{\376\377\000A\000n\000\341\000l\000i\000s\000i\000s\000\040\000d\000e\000\040\000d\000a\000t\000o\000s}{chaptert.2}% 25
\BOOKMARK [1][-]{section.2.4}{\376\377\000R\000e\000s\000u\000l\000t\000a\000d\000o\000s}{chaptert.2}% 26
\BOOKMARK [2][-]{subsection.2.4.1}{\376\377\000M\000e\000j\000o\000r\000a\000s\000\040\000d\000e\000l\000\040\000m\000\351\000t\000o\000d\000o\000\040\000e\000x\000p\000e\000r\000i\000m\000e\000n\000t\000a\000l}{section.2.4}% 27
\BOOKMARK [1][-]{section.2.5}{\376\377\000C\000\341\000l\000c\000u\000l\000o\000\040\000d\000e\000\040\000l\000a\000\040\000p\000r\000e\000c\000i\000s\000i\000\363\000n\000\040\000n\000e\000c\000e\000s\000a\000r\000i\000a}{chaptert.2}% 28
\BOOKMARK [0][-]{chaptert.3}{\376\377\000[\000]\000C\000a\000p\000\355\000t\000u\000l\000o\000\040\000I\000I\000I\000:\000\040\000[\000]\000E\000x\000p\000e\000r\000i\000m\000e\000n\000t\000o\000\040\000I\000I\000:\000\040\000m\000e\000d\000i\000c\000i\000\363\000n\000\040\000i\000n\000d\000i\000r\000e\000c\000t\000a\000\040\000u\000s\000a\000n\000d\000o\000\040\000u\000n\000\040\000c\000i\000r\000c\000u\000i\000t\000o\000\040\000r\000e\000s\000o\000n\000a\000n\000t\000e}{}% 29
\BOOKMARK [1][-]{section.3.1}{\376\377\000C\000i\000r\000c\000u\000i\000t\000o\000s\000\040\000L\000C\000:\000\040\000r\000e\000l\000a\000c\000i\000\363\000n\000\040\000e\000n\000t\000r\000e\000\040\000f\000r\000e\000c\000u\000e\000n\000c\000i\000a\000\040\000d\000e\000\040\000r\000e\000s\000o\000n\000a\000n\000c\000i\000a\000\040\000y\000\040\000v\000e\000l\000o\000c\000i\000d\000a\000d\000\040\000d\000e\000\040\000l\000a\000\040\000l\000u\000z}{chaptert.3}% 30
\BOOKMARK [2][-]{subsection.3.1.1}{\376\377\000E\000s\000t\000i\000m\000a\000c\000i\000\363\000n\000\040\000d\000e\000\040\000l\000o\000s\000\040\000r\000e\000s\000u\000l\000t\000a\000d\000o\000s}{section.3.1}% 31
\BOOKMARK [1][-]{section.3.2}{\376\377\000C\000i\000r\000c\000u\000i\000t\000o\000\040\000r\000e\000s\000o\000n\000a\000n\000t\000e\000\040\000i\000m\000p\000l\000e\000m\000e\000n\000t\000a\000d\000o}{chaptert.3}% 32
\BOOKMARK [1][-]{section.3.3}{\376\377\000M\000\363\000d\000u\000l\000o\000\040\000d\000e\000\040\000e\000s\000t\000a\000b\000i\000l\000i\000d\000a\000d}{chaptert.3}% 33
\BOOKMARK [1][-]{section.3.4}{\376\377\000R\000e\000s\000u\000l\000t\000a\000d\000o\000s}{chaptert.3}% 34
\BOOKMARK [1][-]{section.3.5}{\376\377\000i\000m\000p\000l\000i\000c\000a\000c\000i\000o\000n\000e\000s}{chaptert.3}% 35
\BOOKMARK [1][-]{section.3.6}{\376\377\000M\000o\000d\000i\000f\000i\000c\000a\000c\000i\000o\000n\000e\000s\000\040\000p\000r\000o\000p\000u\000e\000s\000t\000a\000s}{chaptert.3}% 36
\BOOKMARK [0][-]{chaptert.4}{\376\377\000[\000]\000C\000a\000p\000\355\000t\000u\000l\000o\000\040\000I\000V\000:\000\040\000[\000]\000E\000x\000p\000e\000r\000i\000m\000e\000n\000t\000o\000s\000\040\000p\000r\000o\000p\000u\000e\000s\000t\000o\000s}{}% 37
\BOOKMARK [1][-]{section.4.1}{\376\377\000M\000e\000d\000i\000c\000i\000\363\000n\000\040\000d\000e\000\040\000l\000a\000\040\000v\000e\000l\000o\000c\000i\000d\000a\000d\000\040\000d\000e\000\040\000l\000a\000\040\000l\000u\000z\000\040\000c\000o\000n\000\040\000g\000r\000a\000n\000\040\000p\000r\000e\000c\000i\000s\000i\000\363\000n}{chaptert.4}% 38
\BOOKMARK [1][-]{section.4.2}{\376\377\000C\000i\000r\000c\000u\000i\000t\000o\000\040\000L\000C\000\040\000e\000n\000\040\000e\000l\000\040\000e\000s\000p\000a\000c\000i\000o}{chaptert.4}% 39
\BOOKMARK [0][-]{chapter*.39}{\376\377\000[\000]\000C\000o\000n\000c\000l\000u\000s\000i\000o\000n\000e\000s}{}% 40
\BOOKMARK [0][-]{chapter*.40}{\376\377\000[\000]\000R\000e\000f\000e\000r\000e\000n\000c\000i\000a\000s}{}% 41
\BOOKMARK [0][-]{chaptert.1}{\376\377\000[\000]\000A\000p\000\351\000n\000d\000i\000c\000e\000\040\000A\000:\000\040\000[\000]\000L\000i\000c\000e\000n\000c\000i\000a}{}% 42
\BOOKMARK [0][-]{chaptert.2}{\376\377\000[\000]\000A\000p\000\351\000n\000d\000i\000c\000e\000\040\000B\000:\000\040\000[\000]\000E\000J\000E\000M\000P\000L\000O\000\040\000D\000E\000\040\000I\000M\000A\000G\000E\000N\000\040\000E\000N\000\040\000A\000P\000\311\000N\000D\000I\000C\000E}{}% 43
